<?xml version="1.0" encoding="UTF-8"?>
<!-- Generated by org.testng.reporters.JUnitXMLReporter -->
<testsuite hostname="DTBLR01LP124" name="chromeTest" tests="21" failures="0" timestamp="5 Apr 2023 10:03:20 GMT" time="543.999" errors="0">
  <testcase name="PenDraw" time="20.231" classname="com.TestCaseWhiteBoard.LeftToolBarFunctionalities"/>
  <testcase name="ClicknType" time="11.857" classname="com.TestCaseWhiteBoard.LeftToolBarFunctionalities"/>
  <testcase name="GridTool" time="9.609" classname="com.TestCaseWhiteBoard.LeftToolBarFunctionalities"/>
  <testcase name="ClearGrid" time="12.903" classname="com.TestCaseWhiteBoard.LeftToolBarFunctionalities"/>
  <testcase name="ContentUpload" time="26.099" classname="com.TestCaseWhiteBoard.LeftToolBarFunctionalities"/>
  <testcase name="ShapeTriangle" time="7.161" classname="com.TestCaseWhiteBoard.LeftToolBarFunctionalities"/>
  <testcase name="ShapeCircle" time="6.778" classname="com.TestCaseWhiteBoard.LeftToolBarFunctionalities"/>
  <testcase name="ShapePolygon" time="6.97" classname="com.TestCaseWhiteBoard.LeftToolBarFunctionalities"/>
  <testcase name="WhiteOut" time="12.318" classname="com.TestCaseWhiteBoard.LeftToolBarFunctionalities"/>
  <testcase name="Lesson" time="10.771" classname="com.TestCaseWhiteBoard.TopToolBarFunctionalities"/>
  <testcase name="StudentDemo" time="29.873" classname="com.TestCaseWhiteBoard.TopToolBarFunctionalities"/>
  <testcase name="MyBoardDownload" time="8.36" classname="com.TestCaseWhiteBoard.TopToolBarFunctionalities"/>
  <testcase name="MyBoardUpload" time="25.778" classname="com.TestCaseWhiteBoard.TopToolBarFunctionalities"/>
  <testcase name="UndoRedoZoom" time="38.831" classname="com.TestCaseWhiteBoard.TopToolBarFunctionalities"/>
  <testcase name="LanguageChange" time="6.818" classname="com.TestCaseWhiteBoard.TopToolBarFunctionalities"/>
  <testcase name="ColourPenThickness" time="31.887" classname="com.TestCaseWhiteBoard.TopToolBarFunctionalities"/>
  <testcase name="GizmosTool" time="23.192" classname="com.TestCaseWhiteBoard.RightToolBarFunctionalities"/>
  <testcase name="WidgetYouTube" time="36.38" classname="com.TestCaseWhiteBoard.RightToolBarFunctionalities"/>
  <testcase name="Login" time="45.102" classname="com.TestCaseWhiteBoard.LowerToolBarFunctionalities"/>
  <testcase name="PageNation" time="44.923" classname="com.TestCaseWhiteBoard.LowerToolBarFunctionalities"/>
  <testcase name="RenameBoard" time="15.075" classname="com.TestCaseWhiteBoard.LowerToolBarFunctionalities"/>
</testsuite> <!-- chromeTest -->
