<?xml version="1.0" encoding="UTF-8"?>
<!-- Generated by org.testng.reporters.JUnitXMLReporter -->
<testsuite ignored="0" hostname="DTBLR01LP124" failures="0" tests="4" name="chromeTest" time="217.008" errors="0" timestamp="03 Apr 2023 12:17:02 GMT">
  <testcase classname="com.TestCaseWhiteBoard.LeftToolBarFunctionalities" name="PenDraw" time="20.154"/>
  <testcase classname="com.TestCaseWhiteBoard.TopToolBarFunctionalities" name="Lesson" time="12.254"/>
  <testcase classname="com.TestCaseWhiteBoard.RightToolBarFunctionalities" name="GizmosTool" time="31.009"/>
  <testcase classname="com.TestCaseWhiteBoard.LowerToolBarFunctionalities" name="Login" time="45.604"/>
</testsuite> <!-- chromeTest -->
