<?xml version="1.0" encoding="UTF-8"?>
<testsuite xmlns:xsi="http://www.w3.org/2001/XMLSchema-instance" xsi:noNamespaceSchemaLocation="https://maven.apache.org/surefire/maven-surefire-plugin/xsd/surefire-test-report-3.0.xsd" version="3.0" name="TestSuite" time="217.854" tests="4" errors="0" skipped="0" failures="0">
  <properties>
[...]
</properties>
  <testcase name="PenDraw" classname="com.TestCaseWhiteBoard.LeftToolBarFunctionalities" time="20.135">
    <system-out><![CDATA[onStart method startedchromeTest
[INFO ] 2023-04-93 17:43:32.016 [main] LoggerLoad - Broswer is opened
[INFO ] 2023-04-93 17:43:32.020 [main] LoggerLoad - Verified that the user landed on Home Page.
Goto Main canvas started
[INFO ] 2023-04-93 17:43:32.020 [main] LoggerLoad - Goto Main Canvas Started
[INFO ] 2023-04-93 17:43:54.680 [main] LoggerLoad - Main Canvas Landed Successful
[INFO ] 2023-04-93 17:43:54.711 [main] LoggerLoad - Drawing on the Canvas using a Free Hand Pen Tool
]]></system-out>
    <system-err><![CDATA[Starting ChromeDriver 110.0.5481.77 (65ed616c6e8ee3fe0ad64fe83796c020644d42af-refs/branch-heads/5481@{#839}) on port 7015
Only local connections are allowed.
Please see https://chromedriver.chromium.org/security-considerations for suggestions on keeping ChromeDriver safe.
ChromeDriver was started successfully.
[1680524008.363][WARNING]: This version of ChromeDriver has not been tested with Chrome version 111.
[1680524008.414][WARNING]: virtual void DevToolsClientImpl::AddListener(DevToolsEventListener *) subscribing a listener to the already connected DevToolsClient. Connection notification will not arrive.
Apr 03, 2023 5:43:28 PM org.openqa.selenium.remote.ProtocolHandshake createSession
INFO: Detected dialect: W3C
]]></system-err>
  </testcase>
  <testcase name="Lesson" classname="com.TestCaseWhiteBoard.TopToolBarFunctionalities" time="12.239">
    <system-out><![CDATA[onTestSuccess Method PenDraw
[INFO ] 2023-04-93 17:44:18.962 [main] LoggerLoad - Broswer is opened
[INFO ] 2023-04-93 17:44:18.964 [main] LoggerLoad - Verified that the user landed on Home Page.
Goto Main canvas started
[INFO ] 2023-04-93 17:44:18.964 [main] LoggerLoad - Goto Main Canvas Started
[INFO ] 2023-04-93 17:44:41.668 [main] LoggerLoad - Main Canvas Landed Successful
Lesson Started
Shape Polygon Success
Shape Triangle Success
Lesson Success
]]></system-out>
    <system-err><![CDATA[Starting ChromeDriver 110.0.5481.77 (65ed616c6e8ee3fe0ad64fe83796c020644d42af-refs/branch-heads/5481@{#839}) on port 15141
Only local connections are allowed.
Please see https://chromedriver.chromium.org/security-considerations for suggestions on keeping ChromeDriver safe.
ChromeDriver was started successfully.
[1680524055.942][WARNING]: This version of ChromeDriver has not been tested with Chrome version 111.
[1680524055.993][WARNING]: virtual void DevToolsClientImpl::AddListener(DevToolsEventListener *) subscribing a listener to the already connected DevToolsClient. Connection notification will not arrive.
Apr 03, 2023 5:44:16 PM org.openqa.selenium.remote.ProtocolHandshake createSession
INFO: Detected dialect: W3C
Apr 03, 2023 5:44:45 PM org.openqa.selenium.interactions.Actions moveToElement
INFO: When using the W3C Action commands, offsets are from the center of element
Apr 03, 2023 5:44:45 PM org.openqa.selenium.interactions.Actions moveToElement
INFO: When using the W3C Action commands, offsets are from the center of element
Apr 03, 2023 5:44:45 PM org.openqa.selenium.interactions.Actions moveToElement
INFO: When using the W3C Action commands, offsets are from the center of element
Apr 03, 2023 5:44:53 PM org.openqa.selenium.interactions.Actions moveToElement
INFO: When using the W3C Action commands, offsets are from the center of element
Apr 03, 2023 5:44:53 PM org.openqa.selenium.interactions.Actions moveToElement
INFO: When using the W3C Action commands, offsets are from the center of element
Apr 03, 2023 5:44:53 PM org.openqa.selenium.interactions.Actions moveToElement
INFO: When using the W3C Action commands, offsets are from the center of element
]]></system-err>
  </testcase>
  <testcase name="GizmosTool" classname="com.TestCaseWhiteBoard.RightToolBarFunctionalities" time="31.003">
    <system-out><![CDATA[onTestSuccess Method Lesson
[INFO ] 2023-04-93 17:44:57.546 [main] LoggerLoad - Broswer is opened
[INFO ] 2023-04-93 17:44:57.547 [main] LoggerLoad - Verified that the user landed on Home Page.
Goto Main canvas started
[INFO ] 2023-04-93 17:44:57.548 [main] LoggerLoad - Goto Main Canvas Started
[INFO ] 2023-04-93 17:45:20.116 [main] LoggerLoad - Main Canvas Landed Successful
Gizmos Started
Alphabets selected successfully
]]></system-out>
    <system-err><![CDATA[Starting ChromeDriver 110.0.5481.77 (65ed616c6e8ee3fe0ad64fe83796c020644d42af-refs/branch-heads/5481@{#839}) on port 1187
Only local connections are allowed.
Please see https://chromedriver.chromium.org/security-considerations for suggestions on keeping ChromeDriver safe.
ChromeDriver was started successfully.
[1680524094.725][WARNING]: This version of ChromeDriver has not been tested with Chrome version 111.
[1680524094.752][WARNING]: virtual void DevToolsClientImpl::AddListener(DevToolsEventListener *) subscribing a listener to the already connected DevToolsClient. Connection notification will not arrive.
Apr 03, 2023 5:44:54 PM org.openqa.selenium.remote.ProtocolHandshake createSession
INFO: Detected dialect: W3C
Apr 03, 2023 5:45:33 PM org.openqa.selenium.interactions.Actions moveToElement
INFO: When using the W3C Action commands, offsets are from the center of element
Apr 03, 2023 5:45:38 PM org.openqa.selenium.interactions.Actions moveToElement
INFO: When using the W3C Action commands, offsets are from the center of element
Apr 03, 2023 5:45:43 PM org.openqa.selenium.interactions.Actions moveToElement
INFO: When using the W3C Action commands, offsets are from the center of element
Apr 03, 2023 5:45:48 PM org.openqa.selenium.interactions.Actions moveToElement
INFO: When using the W3C Action commands, offsets are from the center of element
]]></system-err>
  </testcase>
  <testcase name="Login" classname="com.TestCaseWhiteBoard.LowerToolBarFunctionalities" time="45.599">
    <system-out><![CDATA[onTestSuccess Method GizmosTool
[INFO ] 2023-04-93 17:45:54.758 [main] LoggerLoad - Broswer is opened
[INFO ] 2023-04-93 17:45:54.758 [main] LoggerLoad - Verified that the user landed on Home Page.
Goto Main canvas started
[INFO ] 2023-04-93 17:45:54.759 [main] LoggerLoad - Goto Main Canvas Started
[INFO ] 2023-04-93 17:46:17.256 [main] LoggerLoad - Main Canvas Landed Successful
Login Started
Logged in Successfull
Login Success
]]></system-out>
    <system-err><![CDATA[Starting ChromeDriver 110.0.5481.77 (65ed616c6e8ee3fe0ad64fe83796c020644d42af-refs/branch-heads/5481@{#839}) on port 39766
Only local connections are allowed.
Please see https://chromedriver.chromium.org/security-considerations for suggestions on keeping ChromeDriver safe.
ChromeDriver was started successfully.
[1680524151.930][WARNING]: This version of ChromeDriver has not been tested with Chrome version 111.
[1680524151.957][WARNING]: virtual void DevToolsClientImpl::AddListener(DevToolsEventListener *) subscribing a listener to the already connected DevToolsClient. Connection notification will not arrive.
Apr 03, 2023 5:45:52 PM org.openqa.selenium.remote.ProtocolHandshake createSession
INFO: Detected dialect: W3C
]]></system-err>
  </testcase>
</testsuite>